Build started 6/17/2014 10:04:24 PM.
     1>Project "C:\Users\Shane\Desktop\CS-172\Exam2\Exam2\Exam2.vcxproj" on node 2 (Build target(s)).
     1>ClCompile:
         C:\Program Files (x86)\Microsoft Visual Studio 12.0\VC\bin\CL.exe /c /ZI /nologo /W3 /WX- /Od /Oy- /D WIN32 /D _DEBUG /D _CONSOLE /D _LIB /D _UNICODE /D UNICODE /Gm /EHsc /RTC1 /MDd /GS /fp:precise /Zc:wchar_t /Zc:forScope /Fo"Debug\\" /Fd"Debug\vc120.pdb" /Gd /TP /analyze- /errorReport:prompt Source.cpp
         Source.cpp
     1>c:\users\shane\desktop\cs-172\exam2\exam2\source.cpp(29): error C2374: 'i' : redefinition; multiple initialization
                 c:\users\shane\desktop\cs-172\exam2\exam2\source.cpp(14) : see declaration of 'i'
     1>c:\users\shane\desktop\cs-172\exam2\exam2\source.cpp(33): error C2088: '[' : illegal for class
     1>c:\users\shane\desktop\cs-172\exam2\exam2\source.cpp(33): error C2228: left of '.pace' must have class/struct/union
     1>c:\users\shane\desktop\cs-172\exam2\exam2\source.cpp(34): error C2088: '[' : illegal for class
     1>c:\users\shane\desktop\cs-172\exam2\exam2\source.cpp(34): error C2228: left of '.pace' must have class/struct/union
     1>c:\users\shane\desktop\cs-172\exam2\exam2\source.cpp(35): error C2088: '[' : illegal for class
     1>c:\users\shane\desktop\cs-172\exam2\exam2\source.cpp(35): error C2228: left of '.pace' must have class/struct/union
     1>Done Building Project "C:\Users\Shane\Desktop\CS-172\Exam2\Exam2\Exam2.vcxproj" (Build target(s)) -- FAILED.

Build FAILED.

Time Elapsed 00:00:00.96
